<?xml version="1.0" encoding="UTF-8"?>
<!-- Generated by org.testng.reporters.JUnitReportReporter -->
<testsuite skipped="0" hostname="HOME-PC" name="PrudentialCaseStudy.PrudentialCaseStudy.TestLabels" tests="5" failures="0" timestamp="02 Oct 2018 05:16:33 GMT" time="160.297" errors="0">
  <testcase name="WrongCredentialsSignInPostSignUpDoneManually" time="17.467" classname="PrudentialCaseStudy.PrudentialCaseStudy.TestLabels"/>
  <testcase name="SignInPostSignUpDoneManually" time="23.405" classname="PrudentialCaseStudy.PrudentialCaseStudy.TestLabels"/>
  <testcase name="invalidCity" time="40.263" classname="PrudentialCaseStudy.PrudentialCaseStudy.TestLabels"/>
  <testcase name="validCity" time="20.910" classname="PrudentialCaseStudy.PrudentialCaseStudy.TestLabels"/>
  <testcase name="verifyHomePage" time="58.252" classname="PrudentialCaseStudy.PrudentialCaseStudy.TestLabels"/>
</testsuite> <!-- PrudentialCaseStudy.PrudentialCaseStudy.TestLabels -->
